TN:
SF:/Users/dkrill/Development/gaia/dia-test-media/src/server/utils/mediaHelpers.js
FN:4,findLongestPreviewDuration
FN:8,(anonymous_2)
FN:11,(anonymous_3)
FNF:3
FNH:3
FNDA:10,findLongestPreviewDuration
FNDA:3,(anonymous_2)
FNDA:11,(anonymous_3)
DA:1,1
DA:2,1
DA:4,1
DA:5,10
DA:6,4
DA:8,3
DA:9,2
DA:11,2
DA:12,11
DA:13,11
DA:14,11
DA:16,11
DA:18,0
DA:21,8
LF:14
LH:13
BRDA:5,0,0,6
BRDA:5,0,1,4
BRDA:6,1,0,2
BRDA:6,1,1,2
BRDA:9,2,0,0
BRDA:9,2,1,2
BRDA:16,3,0,3
BRDA:16,3,1,8
BRF:8
BRH:7
end_of_record
